::1 - - [28/Feb/2026 20:43:28] "GET /index.html HTTP/1.1" 200 -
::1 - - [28/Feb/2026 20:43:28] "GET /styles.css HTTP/1.1" 200 -
::1 - - [28/Feb/2026 20:43:28] "GET /app.js HTTP/1.1" 200 -
::1 - - [28/Feb/2026 20:43:28] "GET /manifest.webmanifest HTTP/1.1" 200 -
::1 - - [28/Feb/2026 20:43:28] "GET /sw.js HTTP/1.1" 200 -
::1 - - [28/Feb/2026 20:43:28] "GET /data/events.json HTTP/1.1" 200 -
::1 - - [28/Feb/2026 20:43:28] "GET /icons/icon-192.png HTTP/1.1" 200 -
::1 - - [28/Feb/2026 20:44:11] "GET /index.html HTTP/1.1" 200 -
::1 - - [28/Feb/2026 20:44:11] "GET /styles.css HTTP/1.1" 200 -
::1 - - [28/Feb/2026 20:44:11] "GET /assets/overlays/overlay_burn.png HTTP/1.1" 200 -
::1 - - [28/Feb/2026 20:44:11] "GET /assets/overlays/overlay_def_n.png HTTP/1.1" 200 -
::1 - - [28/Feb/2026 20:44:11] "GET /assets/overlays/overlay_pest_mites.png HTTP/1.1" 200 -
::1 - - [28/Feb/2026 20:44:11] "GET /assets/overlays/overlay_mold_warning.png HTTP/1.1" 200 -
::1 - - [28/Feb/2026 20:44:11] "GET /assets/overlays/overlay_pest_thrips.png HTTP/1.1" 200 -
::1 - - [28/Feb/2026 20:44:11] "GET /assets/overlays/overlay_def_mg.png HTTP/1.1" 200 -
::1 - - [28/Feb/2026 20:44:11] "GET /manifest.webmanifest HTTP/1.1" 200 -
::1 - - [28/Feb/2026 20:44:11] "GET /app.js HTTP/1.1" 200 -
::1 - - [28/Feb/2026 20:44:11] "GET /assets/backgrounds/bg_dark_01.jpg HTTP/1.1" 200 -
::1 - - [28/Feb/2026 20:44:11] "GET /icons/icon-192.png HTTP/1.1" 200 -
::1 - - [28/Feb/2026 20:44:11] "GET /sw.js HTTP/1.1" 200 -
::1 - - [28/Feb/2026 20:44:38] "GET / HTTP/1.1" 200 -
::1 - - [28/Feb/2026 20:44:39] "GET /styles.css HTTP/1.1" 200 -
::1 - - [28/Feb/2026 20:44:39] "GET /assets/overlays/overlay_def_mg.png HTTP/1.1" 200 -
::1 - - [28/Feb/2026 20:44:39] "GET /assets/overlays/overlay_mold_warning.png HTTP/1.1" 200 -
::1 - - [28/Feb/2026 20:44:39] "GET /assets/overlays/overlay_def_n.png HTTP/1.1" 200 -
::1 - - [28/Feb/2026 20:44:39] "GET /assets/overlays/overlay_burn.png HTTP/1.1" 200 -
::1 - - [28/Feb/2026 20:44:39] "GET /assets/overlays/overlay_pest_mites.png HTTP/1.1" 200 -
::1 - - [28/Feb/2026 20:44:39] "GET /assets/overlays/overlay_pest_thrips.png HTTP/1.1" 200 -
::1 - - [28/Feb/2026 20:44:39] "GET /app.js HTTP/1.1" 200 -
::1 - - [28/Feb/2026 20:44:39] "GET /manifest.webmanifest HTTP/1.1" 200 -
::1 - - [28/Feb/2026 20:44:39] "GET /assets/backgrounds/bg_dark_01.jpg HTTP/1.1" 200 -
::1 - - [28/Feb/2026 20:44:39] "GET /icons/icon-192.png HTTP/1.1" 200 -
::1 - - [28/Feb/2026 20:44:39] "GET /sw.js HTTP/1.1" 200 -
::1 - - [28/Feb/2026 20:44:39] "GET /index.html HTTP/1.1" 200 -
::1 - - [28/Feb/2026 20:44:39] "GET /data/events.json HTTP/1.1" 200 -
::1 - - [28/Feb/2026 20:44:39] "GET /icons/icon-512.png HTTP/1.1" 200 -
::1 - - [28/Feb/2026 20:44:39] "GET /assets/backgrounds/bg_dark_02.jpg HTTP/1.1" 200 -
::1 - - [28/Feb/2026 20:44:39] "GET /assets/plant/seedling_01.png HTTP/1.1" 200 -
::1 - - [28/Feb/2026 20:45:11] "GET /assets/plant/seedling_02.png HTTP/1.1" 200 -
::1 - - [28/Feb/2026 20:45:51] "GET /assets/plant/veg_01.png HTTP/1.1" 200 -
::1 - - [28/Feb/2026 20:45:53] "GET /index.html HTTP/1.1" 200 -
::1 - - [28/Feb/2026 20:45:53] "GET /styles.css HTTP/1.1" 200 -
::1 - - [28/Feb/2026 20:45:53] "GET /assets/overlays/overlay_burn.png HTTP/1.1" 200 -
::1 - - [28/Feb/2026 20:45:53] "GET /assets/overlays/overlay_def_mg.png HTTP/1.1" 200 -
::1 - - [28/Feb/2026 20:45:53] "GET /assets/overlays/overlay_mold_warning.png HTTP/1.1" 200 -
::1 - - [28/Feb/2026 20:45:53] "GET /assets/overlays/overlay_pest_mites.png HTTP/1.1" 200 -
::1 - - [28/Feb/2026 20:45:53] "GET /assets/overlays/overlay_def_n.png HTTP/1.1" 200 -
::1 - - [28/Feb/2026 20:45:53] "GET /assets/overlays/overlay_pest_thrips.png HTTP/1.1" 200 -
::1 - - [28/Feb/2026 20:45:53] "GET /manifest.webmanifest HTTP/1.1" 200 -
::1 - - [28/Feb/2026 20:45:53] "GET /app.js HTTP/1.1" 200 -
::1 - - [28/Feb/2026 20:45:53] "GET /assets/backgrounds/bg_dark_01.jpg HTTP/1.1" 200 -
::1 - - [28/Feb/2026 20:45:53] "GET /icons/icon-192.png HTTP/1.1" 200 -
::1 - - [28/Feb/2026 20:45:53] "GET /sw.js HTTP/1.1" 200 -
::1 - - [28/Feb/2026 20:46:39] "GET / HTTP/1.1" 304 -
::1 - - [28/Feb/2026 20:46:40] "GET /assets/plant/veg_02.png HTTP/1.1" 200 -
::1 - - [28/Feb/2026 20:46:40] "GET /sw.js HTTP/1.1" 304 -
::1 - - [28/Feb/2026 20:47:07] "GET /index.html HTTP/1.1" 200 -
::1 - - [28/Feb/2026 20:47:07] "GET /styles.css HTTP/1.1" 200 -
::1 - - [28/Feb/2026 20:47:07] "GET /assets/overlays/overlay_burn.png HTTP/1.1" 200 -
::1 - - [28/Feb/2026 20:47:07] "GET /assets/overlays/overlay_def_mg.png HTTP/1.1" 200 -
::1 - - [28/Feb/2026 20:47:07] "GET /assets/overlays/overlay_mold_warning.png HTTP/1.1" 200 -
::1 - - [28/Feb/2026 20:47:07] "GET /assets/overlays/overlay_def_n.png HTTP/1.1" 200 -
::1 - - [28/Feb/2026 20:47:07] "GET /assets/overlays/overlay_pest_thrips.png HTTP/1.1" 200 -
::1 - - [28/Feb/2026 20:47:07] "GET /assets/overlays/overlay_pest_mites.png HTTP/1.1" 200 -
::1 - - [28/Feb/2026 20:47:07] "GET /manifest.webmanifest HTTP/1.1" 200 -
::1 - - [28/Feb/2026 20:47:07] "GET /app.js HTTP/1.1" 200 -
::1 - - [28/Feb/2026 20:47:07] "GET /assets/backgrounds/bg_dark_01.jpg HTTP/1.1" 200 -
::1 - - [28/Feb/2026 20:47:07] "GET /icons/icon-192.png HTTP/1.1" 200 -
::1 - - [28/Feb/2026 20:47:07] "GET /sw.js HTTP/1.1" 200 -
::1 - - [28/Feb/2026 20:47:07] "GET / HTTP/1.1" 200 -
::1 - - [28/Feb/2026 20:47:24] "GET /assets/plant/veg_03.png HTTP/1.1" 200 -
::1 - - [28/Feb/2026 20:48:18] "GET /sw.js HTTP/1.1" 304 -
::1 - - [28/Feb/2026 20:48:25] "GET /assets/plant/veg_04.png HTTP/1.1" 200 -
::1 - - [28/Feb/2026 20:49:07] "GET /index.html HTTP/1.1" 200 -
::1 - - [28/Feb/2026 20:49:07] "GET /styles.css HTTP/1.1" 200 -
::1 - - [28/Feb/2026 20:49:07] "GET /assets/overlays/overlay_burn.png HTTP/1.1" 200 -
::1 - - [28/Feb/2026 20:49:07] "GET /assets/overlays/overlay_def_mg.png HTTP/1.1" 200 -
::1 - - [28/Feb/2026 20:49:07] "GET /assets/overlays/overlay_def_n.png HTTP/1.1" 200 -
::1 - - [28/Feb/2026 20:49:07] "GET /assets/overlays/overlay_mold_warning.png HTTP/1.1" 200 -
::1 - - [28/Feb/2026 20:49:07] "GET /assets/overlays/overlay_pest_thrips.png HTTP/1.1" 200 -
::1 - - [28/Feb/2026 20:49:07] "GET /manifest.webmanifest HTTP/1.1" 200 -
::1 - - [28/Feb/2026 20:49:07] "GET /assets/overlays/overlay_pest_mites.png HTTP/1.1" 200 -
::1 - - [28/Feb/2026 20:49:07] "GET /app.js HTTP/1.1" 200 -
::1 - - [28/Feb/2026 20:49:07] "GET /assets/backgrounds/bg_dark_01.jpg HTTP/1.1" 200 -
::1 - - [28/Feb/2026 20:49:07] "GET /icons/icon-192.png HTTP/1.1" 200 -
::1 - - [28/Feb/2026 20:49:07] "GET /sw.js HTTP/1.1" 200 -
::1 - - [28/Feb/2026 20:49:07] "GET / HTTP/1.1" 200 -
::1 - - [28/Feb/2026 20:49:07] "GET /data/events.json HTTP/1.1" 200 -
::1 - - [28/Feb/2026 20:49:07] "GET /icons/icon-512.png HTTP/1.1" 200 -
::1 - - [28/Feb/2026 20:49:07] "GET /assets/backgrounds/bg_dark_02.jpg HTTP/1.1" 200 -
::1 - - [28/Feb/2026 20:49:29] "GET /index.html HTTP/1.1" 200 -
::1 - - [28/Feb/2026 20:49:29] "GET /styles.css HTTP/1.1" 200 -
::1 - - [28/Feb/2026 20:49:29] "GET /assets/overlays/overlay_burn.png HTTP/1.1" 200 -
::1 - - [28/Feb/2026 20:49:29] "GET /assets/overlays/overlay_def_n.png HTTP/1.1" 200 -
::1 - - [28/Feb/2026 20:49:29] "GET /assets/overlays/overlay_mold_warning.png HTTP/1.1" 200 -
::1 - - [28/Feb/2026 20:49:29] "GET /assets/overlays/overlay_def_mg.png HTTP/1.1" 200 -
::1 - - [28/Feb/2026 20:49:29] "GET /assets/overlays/overlay_pest_mites.png HTTP/1.1" 200 -
::1 - - [28/Feb/2026 20:49:29] "GET /assets/overlays/overlay_pest_thrips.png HTTP/1.1" 200 -
::1 - - [28/Feb/2026 20:49:29] "GET /manifest.webmanifest HTTP/1.1" 200 -
::1 - - [28/Feb/2026 20:49:29] "GET /app.js HTTP/1.1" 200 -
::1 - - [28/Feb/2026 20:49:29] "GET /assets/backgrounds/bg_dark_01.jpg HTTP/1.1" 200 -
::1 - - [28/Feb/2026 20:49:29] "GET /icons/icon-192.png HTTP/1.1" 200 -
::1 - - [28/Feb/2026 20:49:29] "GET /sw.js HTTP/1.1" 200 -
::1 - - [28/Feb/2026 20:49:29] "GET / HTTP/1.1" 200 -
::1 - - [28/Feb/2026 20:49:29] "GET /data/events.json HTTP/1.1" 200 -
::1 - - [28/Feb/2026 20:49:29] "GET /icons/icon-512.png HTTP/1.1" 200 -
::1 - - [28/Feb/2026 20:49:29] "GET /assets/backgrounds/bg_dark_02.jpg HTTP/1.1" 200 -
::1 - - [28/Feb/2026 20:49:51] "GET /index.html HTTP/1.1" 200 -
::1 - - [28/Feb/2026 20:49:51] "GET /styles.css HTTP/1.1" 200 -
::1 - - [28/Feb/2026 20:49:51] "GET /assets/overlays/overlay_burn.png HTTP/1.1" 200 -
::1 - - [28/Feb/2026 20:49:51] "GET /assets/overlays/overlay_def_mg.png HTTP/1.1" 200 -
::1 - - [28/Feb/2026 20:49:51] "GET /assets/overlays/overlay_def_n.png HTTP/1.1" 200 -
::1 - - [28/Feb/2026 20:49:51] "GET /assets/overlays/overlay_mold_warning.png HTTP/1.1" 200 -
::1 - - [28/Feb/2026 20:49:51] "GET /assets/overlays/overlay_pest_mites.png HTTP/1.1" 200 -
::1 - - [28/Feb/2026 20:49:51] "GET /assets/overlays/overlay_pest_thrips.png HTTP/1.1" 200 -
::1 - - [28/Feb/2026 20:49:51] "GET /app.js HTTP/1.1" 200 -
::1 - - [28/Feb/2026 20:49:51] "GET /assets/backgrounds/bg_dark_01.jpg HTTP/1.1" 200 -
::1 - - [28/Feb/2026 20:49:51] "GET /icons/icon-192.png HTTP/1.1" 200 -
::1 - - [28/Feb/2026 20:49:51] "GET /sw.js HTTP/1.1" 200 -
::1 - - [28/Feb/2026 20:49:51] "GET / HTTP/1.1" 200 -
::1 - - [28/Feb/2026 20:49:51] "GET /data/events.json HTTP/1.1" 200 -
::1 - - [28/Feb/2026 20:49:51] "GET /manifest.webmanifest HTTP/1.1" 200 -
::1 - - [28/Feb/2026 20:49:51] "GET /icons/icon-512.png HTTP/1.1" 200 -
::1 - - [28/Feb/2026 20:49:51] "GET /assets/backgrounds/bg_dark_02.jpg HTTP/1.1" 200 -
::1 - - [28/Feb/2026 20:49:51] "GET /assets/plant/seedling_01.png HTTP/1.1" 200 -
::1 - - [28/Feb/2026 20:50:10] "GET /sw.js HTTP/1.1" 304 -
::1 - - [28/Feb/2026 20:50:23] "GET /assets/plant/seedling_02.png HTTP/1.1" 200 -
::1 - - [28/Feb/2026 20:51:03] "GET /assets/plant/veg_01.png HTTP/1.1" 200 -
::1 - - [28/Feb/2026 20:53:32] "GET / HTTP/1.1" 304 -
::1 - - [28/Feb/2026 20:53:33] "GET /sw.js HTTP/1.1" 304 -
::1 - - [28/Feb/2026 20:53:35] "GET /assets/plant/flower_01.png HTTP/1.1" 200 -
::1 - - [28/Feb/2026 21:01:30] "GET / HTTP/1.1" 304 -
::1 - - [28/Feb/2026 21:01:32] "GET /sw.js HTTP/1.1" 304 -
::1 - - [28/Feb/2026 21:01:54] "GET /assets/plant/flower_02.png HTTP/1.1" 200 -
::1 - - [28/Feb/2026 21:03:24] "GET /assets/plant/flower_03.png HTTP/1.1" 200 -
::1 - - [28/Feb/2026 21:13:02] "GET /index.html HTTP/1.1" 200 -
::1 - - [28/Feb/2026 21:17:17] "GET / HTTP/1.1" 200 -
::1 - - [28/Feb/2026 21:17:19] "GET /sw.js HTTP/1.1" 304 -
